2025-09-30T13:34:24.337712Z 0 [System] [MY-015015] [Server] MySQL Server - start.
2025-09-30T13:34:24.453801Z 0 [System] [MY-010116] [Server] C:\Users\Brandon\Documents\SNHU\Term 19\CS-499\mysql-9.4.0-winx64\bin\mysqld.exe (mysqld 9.4.0) starting as process 27436
2025-09-30T13:34:24.453817Z 0 [System] [MY-015590] [Server] MySQL Server has access to 16 logical CPUs.
2025-09-30T13:34:24.453827Z 0 [System] [MY-015590] [Server] MySQL Server has access to 34259017728 bytes of physical memory.
2025-09-30T13:34:24.483203Z 1 [System] [MY-013576] [InnoDB] InnoDB initialization has started.
2025-09-30T13:34:24.853547Z 1 [System] [MY-013577] [InnoDB] InnoDB initialization has ended.
2025-09-30T13:34:25.176509Z 0 [Warning] [MY-010068] [Server] CA certificate ca.pem is self signed.
2025-09-30T13:34:25.178120Z 0 [System] [MY-013602] [Server] Channel mysql_main configured to support TLS. Encrypted connections are now supported for this channel.
2025-09-30T13:34:25.230564Z 0 [System] [MY-011323] [Server] X Plugin ready for connections. Bind-address: '::' port: 33060
2025-09-30T13:34:25.230684Z 0 [System] [MY-010931] [Server] C:\Users\Brandon\Documents\SNHU\Term 19\CS-499\mysql-9.4.0-winx64\bin\mysqld.exe: ready for connections. Version: '9.4.0'  socket: ''  port: 3306  MySQL Community Server - GPL.
2025-10-03T12:43:42.159097Z 0 [System] [MY-015015] [Server] MySQL Server - start.
2025-10-03T12:43:42.380334Z 0 [System] [MY-010116] [Server] C:\Users\Brandon\Documents\SNHU\Term 19\CS-499\mysql-9.4.0-winx64\bin\mysqld.exe (mysqld 9.4.0) starting as process 27148
2025-10-03T12:43:42.380353Z 0 [System] [MY-015590] [Server] MySQL Server has access to 16 logical CPUs.
2025-10-03T12:43:42.380367Z 0 [System] [MY-015590] [Server] MySQL Server has access to 34259017728 bytes of physical memory.
2025-10-03T12:43:42.420770Z 1 [System] [MY-013576] [InnoDB] InnoDB initialization has started.
2025-10-03T12:43:43.079806Z 1 [System] [MY-013577] [InnoDB] InnoDB initialization has ended.
2025-10-03T12:43:43.242055Z 0 [System] [MY-010229] [Server] Starting XA crash recovery...
2025-10-03T12:43:43.246286Z 0 [System] [MY-010232] [Server] XA crash recovery finished.
2025-10-03T12:43:43.379282Z 0 [Warning] [MY-010068] [Server] CA certificate ca.pem is self signed.
2025-10-03T12:43:43.380393Z 0 [System] [MY-013602] [Server] Channel mysql_main configured to support TLS. Encrypted connections are now supported for this channel.
2025-10-03T12:43:43.429217Z 0 [System] [MY-011323] [Server] X Plugin ready for connections. Bind-address: '::' port: 33060
2025-10-03T12:43:43.429288Z 0 [System] [MY-010931] [Server] C:\Users\Brandon\Documents\SNHU\Term 19\CS-499\mysql-9.4.0-winx64\bin\mysqld.exe: ready for connections. Version: '9.4.0'  socket: ''  port: 3306  MySQL Community Server - GPL.
